<?xml version="1.0" encoding="UTF-8"?>
<!-- Generated by org.testng.reporters.JUnitReportReporter -->
<testsuite hostname="CSCO-W-PF2S3T6E" failures="0" tests="3" name="runner.TestRunner" time="24.575" errors="0" timestamp="2021-12-22T12:55:47 IST" skipped="0">
  <testcase classname="runner.TestRunner" name="runScenario" time="14.475"/>
  <system-out/>
  <testcase classname="runner.TestRunner" name="runScenario" time="10.096"/>
  <system-out/>
  <testcase classname="runner.TestRunner" name="runScenario" time="0.004"/>
  <system-out/>
</testsuite> <!-- runner.TestRunner -->
