<?xml version="1.0" encoding="UTF-8"?>
<!-- Generated by org.testng.reporters.JUnitReportReporter -->
<testsuite hostname="CSCO-W-PF2S3T6E" failures="0" tests="2" name="com.runner.TestRunner" time="5.238" errors="0" timestamp="2021-12-17T13:29:59 IST" skipped="0">
  <testcase classname="com.runner.TestRunner" name="runScenario" time="4.362"/>
  <system-out/>
  <testcase classname="com.runner.TestRunner" name="runScenario" time="0.876"/>
  <system-out/>
</testsuite> <!-- com.runner.TestRunner -->
