<?xml version="1.0" encoding="UTF-8"?>
<!-- Generated by org.testng.reporters.JUnitReportReporter -->
<testsuite hostname="CSCO-W-PF2S3T6E" failures="0" tests="2" name="runner.TestRunner" time="58.387" errors="0" timestamp="2021-12-22T11:55:11 IST" skipped="0">
  <testcase classname="runner.TestRunner" name="runScenario" time="35.478"/>
  <system-out/>
  <testcase classname="runner.TestRunner" name="runScenario" time="22.909"/>
  <system-out/>
</testsuite> <!-- runner.TestRunner -->
