<?xml version="1.0" encoding="UTF-8"?>
<!-- Generated by org.testng.reporters.JUnitReportReporter -->
<testsuite hostname="CSCO-W-PF2S3T6E" failures="0" tests="2" name="runner.TestRunner" time="4.074" errors="0" timestamp="2021-12-21T12:50:24 IST" skipped="0">
  <testcase classname="runner.TestRunner" name="runScenario" time="0.622"/>
  <system-out/>
  <testcase classname="runner.TestRunner" name="runScenario" time="3.452"/>
  <system-out/>
</testsuite> <!-- runner.TestRunner -->
