<?xml version="1.0" encoding="UTF-8"?>
<!-- Generated by org.testng.reporters.JUnitReportReporter -->
<testsuite skipped="0" hostname="CSCO-W-PF2S3T6E" name="runner.TestRunner" tests="3" failures="0" timestamp="2021-12-22T12:31:50 IST" time="25.970" errors="0">
  <testcase name="runScenario" time="0.002" classname="runner.TestRunner"/>
  <system-out/>
  <testcase name="runScenario" time="11.466" classname="runner.TestRunner"/>
  <system-out/>
  <testcase name="runScenario" time="14.502" classname="runner.TestRunner"/>
  <system-out/>
</testsuite> <!-- runner.TestRunner -->
